\BOOKMARK [0][-]{chapter*.1}{List of Figures}{}% 1
\BOOKMARK [0][-]{chapter*.2}{List of Tables}{}% 2
\BOOKMARK [0][-]{chapter*.3}{Acknowledgements}{}% 3
\BOOKMARK [0][-]{chapter.1}{Overview}{}% 4
\BOOKMARK [1][-]{subsection.1.0.1}{The gravitational side}{chapter.1}% 5
\BOOKMARK [2][-]{subsection.1.0.2}{The electromagnetic side}{subsection.1.0.1}% 6
\BOOKMARK [1][-]{section.1.1}{Part I: Massive Black Hole Binaries}{chapter.1}% 7
\BOOKMARK [2][-]{subsection.1.1.1}{Formation of MBHBs}{section.1.1}% 8
\BOOKMARK [2][-]{subsection.1.1.2}{Interaction with a gas disc}{section.1.1}% 9
\BOOKMARK [2][-]{subsection.1.1.3}{Observations of MBHBs}{section.1.1}% 10
\BOOKMARK [1][-]{section.1.2}{Part II: Stellar Black Hole + Neutron Star Binaries}{chapter.1}% 11
\BOOKMARK [2][-]{subsection.1.2.1}{An analogy from Faraday}{section.1.2}% 12
\BOOKMARK [2][-]{subsection.1.2.2}{The black hole battery}{section.1.2}% 13
\BOOKMARK [1][-]{section.1.3}{Outline of thesis}{chapter.1}% 14
\BOOKMARK [-1][-]{part.1}{I Massive Black Hole Binaries}{}% 15
\BOOKMARK [0][-]{chapter.2}{Accretion into the Central Cavity}{part.1}% 16
\BOOKMARK [1][-]{section.2.1}{Introduction}{chapter.2}% 17
\BOOKMARK [1][-]{section.2.2}{Details of Numerical Simulations}{chapter.2}% 18
\BOOKMARK [2][-]{subsection.2.2.1}{Numerical Implementation and Assumptions}{section.2.2}% 19
\BOOKMARK [2][-]{subsection.2.2.2}{Numerical Parameter Choices}{section.2.2}% 20
\BOOKMARK [2][-]{subsection.2.2.3}{Initial Conditions}{section.2.2}% 21
\BOOKMARK [2][-]{subsection.2.2.4}{Disc Parameters and Accretion Rate}{section.2.2}% 22
\BOOKMARK [2][-]{subsection.2.2.5}{Tests of Code Implementation}{section.2.2}% 23
\BOOKMARK [1][-]{section.2.3}{Results}{chapter.2}% 24
\BOOKMARK [2][-]{subsection.2.3.1}{Equal-Mass Binary}{section.2.3}% 25
\BOOKMARK [2][-]{subsection.2.3.2}{Unequal-Mass Binaries}{section.2.3}% 26
\BOOKMARK [1][-]{section.2.4}{Summary and Discussion}{chapter.2}% 27
\BOOKMARK [2][-]{subsection.2.4.1}{Comparison with MM08}{section.2.4}% 28
\BOOKMARK [2][-]{subsection.2.4.2}{Viscosity Study}{section.2.4}% 29
\BOOKMARK [2][-]{subsection.2.4.3}{Resolution Study}{section.2.4}% 30
\BOOKMARK [2][-]{subsection.2.4.4}{Physical Regime: Black Hole Binary Parameters}{section.2.4}% 31
\BOOKMARK [2][-]{subsection.2.4.5}{Caveats}{section.2.4}% 32
\BOOKMARK [1][-]{section.2.5}{Conclusions}{chapter.2}% 33
\BOOKMARK [1][-]{section.2.6}{Viscous implementation in polar coordinates}{chapter.2}% 34
\BOOKMARK [2][-]{subsection.2.6.1}{Viscosity and the Momentum Equation}{section.2.6}% 35
\BOOKMARK [2][-]{subsection.2.6.2}{The Form of the Viscous Stress Tensor}{section.2.6}% 36
\BOOKMARK [2][-]{subsection.2.6.3}{Components of \040in Polar Coordinates}{section.2.6}% 37
\BOOKMARK [2][-]{subsection.2.6.4}{Divergence of \040in Polar Coordinates}{section.2.6}% 38
\BOOKMARK [2][-]{subsection.2.6.5}{Implementation in FLASH}{section.2.6}% 39
\BOOKMARK [2][-]{subsection.2.6.6}{Viscously Spreading Ring}{section.2.6}% 40
\BOOKMARK [2][-]{subsection.2.6.7}{Cartesian Shear Flow}{section.2.6}% 41
\BOOKMARK [0][-]{chapter.3}{A Transition in Circumbinary Discs}{part.1}% 42
\BOOKMARK [1][-]{section.3.1}{Introduction}{chapter.3}% 43
\BOOKMARK [1][-]{section.3.2}{Restricted 3-body Analysis}{chapter.3}% 44
\BOOKMARK [2][-]{subsection.3.2.1}{Restrictions on Orbits from Conserved Integrals of Motion}{section.3.2}% 45
\BOOKMARK [2][-]{subsection.3.2.2}{Restrictions on Orbits from Equations of Motion}{section.3.2}% 46
\BOOKMARK [2][-]{subsection.3.2.3}{Hydrodynamical Effects}{section.3.2}% 47
\BOOKMARK [1][-]{section.3.3}{Hydrodynamical simulations}{chapter.3}% 48
\BOOKMARK [2][-]{subsection.3.3.1}{Fiducial Simulations}{section.3.3}% 49
\BOOKMARK [2][-]{subsection.3.3.2}{Hydrodynamic Parameter Study}{section.3.3}% 50
\BOOKMARK [1][-]{section.3.4}{Discussion and Summary}{chapter.3}% 51
\BOOKMARK [1][-]{section.3.5}{Viscous, restricted three-body problem}{chapter.3}% 52
\BOOKMARK [0][-]{chapter.4}{A Reduced Orbital Period for PG 1302-102}{part.1}% 53
\BOOKMARK [1][-]{section.4.1}{Introduction}{chapter.4}% 54
\BOOKMARK [1][-]{section.4.