This is pdfTeX, Version 3.14159265-2.6-1.40.15 (TeX Live 2014) (preloaded format=pdflatex 2014.5.25)  15 APR 2016 14:48
entering extended mode
 restricted \write18 enabled.
 file:line:error style messages enabled.
 %&-line parsing enabled.
**CBDms_rev1_v2CLEAN.tex
(./CBDms_rev1_v2CLEAN.tex
LaTeX2e <2014/05/01>
Babel <3.9k> and hyphenation patterns for 78 languages loaded.
(./mnras.cls
Document Class: mnras 2015/05/22\ v3.0\ LaTeX2e MNRAS document class
MNRAS document style v3.0, released 2015/05/22
(/usr/local/texlive/2014/texmf-dist/tex/latex/geometry/geometry.sty
Package: geometry 2010/09/12 v5.6 Page Geometry

(/usr/local/texlive/2014/texmf-dist/tex/latex/graphics/keyval.sty
Package: keyval 2014/05/08 v1.15 key=value parser (DPC)
\KV@toks@=\toks14
)
(/usr/local/texlive/2014/texmf-dist/tex/generic/oberdiek/ifpdf.sty
Package: ifpdf 2011/01/30 v2.3 Provides the ifpdf switch (HO)
Package ifpdf Info: pdfTeX in PDF mode is detected.
)
(/usr/local/texlive/2014/texmf-dist/tex/generic/oberdiek/ifvtex.sty
Package: ifvtex 2010/03/01 v1.5 Detect VTeX and its facilities (HO)
Package ifvtex Info: VTeX not detected.
)
(/usr/local/texlive/2014/texmf-dist/tex/generic/ifxetex/ifxetex.sty
Package: ifxetex 2010/09/12 v0.6 Provides ifxetex conditional
)
\Gm@cnth=\count79
\Gm@cntv=\count80
\c@Gm@tempcnt=\count81
\Gm@bindingoffset=\dimen102
\Gm@wd@mp=\dimen103
\Gm@odd@mp=\dimen104
\Gm@even@mp=\dimen105
\Gm@layoutwidth=\dimen106
\Gm@layoutheight=\dimen107
\Gm@layouthoffset=\dimen108
\Gm@layoutvoffset=\dimen109
\Gm@dimlist=\toks15
)
(/usr/local/texlive/2014/texmf-dist/tex/latex/base/fixltx2e.sty
Package: fixltx2e 2014/05/13 v1.1q fixes to LaTeX
LaTeX Info: Redefining \em on input line 429.
)
(/usr/local/texlive/2014/texmf-dist/tex/latex/hyperref/hyperref.sty
Package: hyperref 2012/11/06 v6.83m Hypertext links for LaTeX

(/usr/local/texlive/2014/texmf-dist/tex/generic/oberdiek/hobsub-hyperref.sty
Package: hobsub-hyperref 2012/05/28 v1.13 Bundle oberdiek, subset hyperref (HO)


(/usr/local/texlive/2014/texmf-dist/tex/generic/oberdiek/hobsub-generic.sty
Package: hobsub-generic 2012/05/28 v1.13 Bundle oberdiek, subset generic (HO)
Package: hobsub 2012/05/28 v1.13 Construct package bundles (HO)
Package: infwarerr 2010/04/08 v1.3 Providing info/warning/error messages (HO)
Package: ltxcmds 2011/11/09 v1.22 LaTeX kernel commands for general use (HO)
Package: ifluatex 2010/03/01 v1.3 Provides the ifluatex switch (HO)
Package ifluatex Info: LuaTeX not detected.
Package hobsub Info: Skipping package `ifvtex' (already loaded).
Package: intcalc 2007/09/27 v1.1 Expandable calculations with integers (HO)
Package hobsub Info: Skipping package `ifpdf' (already loaded).
Package: etexcmds 2011/02/16 v1.5 Avoid name clashes with e-TeX commands (HO)
Package etexcmds Info: Could not find \expanded.
(etexcmds)             That can mean that you are not using pdfTeX 1.50 or
(etexcmds)             that some package has redefined \expanded.
(etexcmds)             In the latter case, load this package earlier.
Package: kvsetkeys 2012/04/25 v1.16 Key value parser (HO)
Package: kvdefinekeys 2011/04/07 v1.3 Define keys (HO)
Package: pdftexcmds 2011/11/29 v0.20 Utility functions of pdfTeX for LuaTeX (HO
)
Package pdftexcmds Info: LuaTeX not detected.
Package pdftexcmds Info: \pdf@primitive is available.
Package pdftexcmds Info: \pdf@ifprimitive is available.
Package pdftexcmds Info: \pdfdraftmode found.
Package: pdfescape 2011/11/25 v1.13 Implements pdfTeX's escape features (HO)
Package: bigintcalc 2012/04/08 v1.3 Expandable calculations on big integers (HO
)
Package: bitset 2011/01/30 v1.1 Handle bit-vector datatype (HO)
Package: uniquecounter 2011/01/30 v1.2 Provide unlimited unique counter (HO)
)
Package hobsub Info: Skipping package `hobsub' (already loaded).
Package: letltxmacro 2010/09/02 v1.4 Let assignment for LaTeX macros (HO)
Package: hopatch 2012/05/28 v1.2 Wrapper for package hooks (HO)
Package: xcolor-patch 2011/01/30 xcolor patch
Package: atveryend 2011/06/30 v1.8 Hooks at the very end of document (HO)
Package atveryend Info: \enddocument detected (standard20110627).
Package: atbegshi 2011/10/05 v1.16 At begin shipout hook (HO)
Package: refcount 2011/10/16 v3.4 Data extraction from label references (HO)
Package: hycolor 2011/01/30 v1.7 Color options for hyperref/bookmark (HO)
)
(/usr/local/texlive/2014/texmf-dist/tex/latex/oberdiek/auxhook.sty
Package: auxhook 2011/03/04 v1.3 Hooks for auxiliary files (HO)
)
(/usr/local/texlive/2014/texmf-dist/tex/latex/oberdiek/kvoptions.sty
Package: kvoptions 2011/06/30 v3.11 Key value format for package options (HO)
)
\@linkdim=\dimen110
\Hy@linkcounter=\count82
\Hy@pagecounter=\count83

(/usr/local/texlive/2014/texmf-dist/tex/latex/hyperref/pd1enc.def
File: pd1enc.def 2012/11/06 v6.83m Hyperref: PDFDocEncoding definition (HO)
)
\Hy@SavedSpaceFactor=\count84

(/usr/local/texlive/2014/texmf-dist/tex/latex/latexconfig/hyperref.cfg
File: hyperref.cfg 2002/06/06 v1.2 hyperref configuration of TeXLive
)
Package hyperref Info: Hyper figures OFF on input line 4443.
Package hyperref Info: Link nesting OFF on input line 4448.
Package hyperref Info: Hyper index ON on input line 4451.
Package hyperref Info: Plain pages OFF on input line 4458.
Package hyperref Info: Backreferencing OFF on input line 4463.
Package hyperref Info: Implicit mode ON; LaTeX internals redefined.
Package hyperref Info: Bookmarks ON on input line 4688.
\c@Hy@tempcnt=\count85

(/usr/local/texlive/2014/texmf-dist/tex/latex/url/url.sty
\Urlmuskip=\muskip10
Package: url 2013/09/16  ver 3.4  Verb mode for urls, etc.
)
LaTeX Info: Redefining \url on input line 5041.
\XeTeXLinkMargin=\dimen111
\Fld@menulength=\count86
\Field@Width=\dimen112
\Fld@charsize=\dimen113
Package hyperref Info: Hyper figures OFF on input line 6295.
Package hyperref Info: Link nesting OFF on input line 6300.
Package hyperref Info: Hyper index ON on input line 6303.
Package hyperref Info: backreferencing OFF on input line 6310.
Package hyperref Info: Link coloring OFF on input line 6315.
Package hyperref Info: Link coloring with OCG OFF on input line 6320.
Package hyperref Info: PDF/A mode OFF on input line 6325.
LaTeX Info: Redefining \ref on input line 6365.
LaTeX Info: Redefining \pageref on input line 6369.


Package hyperref Warning: Option `pdfpagelabels' is turned off
(hyperref)                because \thepage is undefined.

\c@Item=\count87
\c@Hfootnote=\count88
)

Package hyperref Message: Driver (autodetected): hpdftex.

(/usr/local/texlive/2014/texmf-dist/tex/latex/hyperref/hpdftex.def
File: hpdftex.def 2012/11/06 v6.83m Hyperref driver for pdfTeX
\Fld@listcount=\count89
\c@bookmark@seq@number=\count90

(/usr/local/texlive/2014/texmf-dist/tex/latex/oberdiek/rerunfilecheck.sty
Package: rerunfilecheck 2011/04/15 v1.7 Rerun checks for auxiliary files (HO)
Package uniquecounter Info: New unique counter `rerunfilecheck' on input line 2
82.
)
\Hy@SectionHShift=\skip41
)
Package hyperref Info: Option `colorlinks' set `true' on input line 123.
\math@groups=\toks16
LaTeX Font Info:    Overwriting symbol font `symbols' in version `bold'
(Font)                  OMS/cmsy/b/n --> OMS/cmsy/b/n on input line 276.
\symbmisymbols=\mathgroup4
\SFB@measure=\dimen114
\realparindent=\skip42
\c@part=\count91
\c@section=\count92
\c@subsection=\count93
\c@subsubsection=\count94
\c@paragraph=\count95
\c@subparagraph=\count96
\@indentskip=\skip43
\smallindent=\skip44
\@footindent=\skip45
\@leftskip=\skip46

(/usr/local/texlive/2014/texmf-dist/tex/latex/natbib/natbib.sty
Package: natbib 2010/09/13 8.31b (PWD, AO)
\bibhang=\skip47
\bibsep=\skip48
LaTeX Info: Redefining \cite on input line 694.
\c@NAT@ctr=\count97
)
\c@table=\count98
\c@figure=\count99
)
(/usr/local/texlive/2014/texmf-dist/tex/latex/graphics/color.sty
Package: color 2014/04/23 v1.1a Standard LaTeX Color (DPC)

(/usr/local/texlive/2014/texmf-dist/tex/latex/latexconfig/color.cfg
File: color.cfg 2007/01/18 v1.5 color configuration of teTeX/TeXLive
)
Package color Info: Driver file: pdftex.def on input line 137.

(/usr/local/texlive/2014/texmf-dist/tex/latex/pdftex-def/pdftex.def
File: pdftex.def 2011/05/27 v0.06d Graphics/color for pdfTeX
\Gread@gobject=\count100
)
(/usr/local/texlive/2014/texmf-dist/tex/latex/graphics/dvipsnam.def
File: dvipsnam.def 2014/04/23 v3.0j Driver-dependant file (DPC,SPQR)
))
(/usr/local/texlive/2014/texmf-dist/tex/latex/graphics/graphicx.sty
Package: graphicx 2014/04/25 v1.0g Enhanced LaTeX Graphics (DPC,SPQR)

(/usr/local/texlive/2014/texmf-dist/tex/latex/graphics/graphics.sty
Package: graphics 2009/02/05 v1.0o Standard LaTeX Graphics (DPC,SPQR)

(/usr/local/texlive/2014/texmf-dist/tex/latex/graphics/trig.sty
Package: trig 1999/03/16 v1.09 sin cos tan (DPC)
)
(/usr/local/texlive/2014/texmf-dist/tex/latex/latexconfig/graphics.cfg
File: graphics.cfg 2010/04/23 v1.9 graphics configuration of TeX Live
)
Package graphics Info: Driver file: pdftex.def on input line 91.
)
\Gin@req@height=\dimen115
\Gin@req@width=\dimen116
)
(/usr/local/texlive/2014/texmf-dist/tex/latex/tools/verbatim.sty
Package: verbatim 2003/08/22 v1.5q LaTeX2e package for verbatim enhancements
\every@verbatim=\toks17
\verbatim@line=\toks18
\verbatim@in@stream=\read1
)
Package hyperref Info: Option `pdfnewwindow' set `true' on input line 30.
Package hyperref Info: Option `colorlinks' set `true' on input line 30.

(/usr/local/texlive/2014/texmf-dist/tex/latex/fundus-calligra/calligra.sty
Package: calligra 2012/04/10 v1.9 LaTeX package calligra
)
(./CBDms_rev1_v2CLEAN.aux)
\openout1 = `CBDms_rev1_v2CLEAN.aux'.

LaTeX Font Info:    Checking defaults for OML/cmm/m/it on input line 68.
LaTeX Font Info:    ... okay on input line 68.
LaTeX Font Info:    Checking defaults for T1/cmr/m/n on input line 68.
LaTeX Font Info:    ... okay on input line 68.
LaTeX Font Info:    Checking defaults for OT1/cmr/m/n on input line 68.
LaTeX Font Info:    ... okay on input line 68.
LaTeX Font Info:    Checking defaults for OMS/cmsy/m/n on input line 68.
LaTeX Font Info:    ... okay on input line 68.
LaTeX Font Info:    Checking defaults for OMX/cmex/m/n on input line 68.
LaTeX Font Info:    ... okay on input line 68.
LaTeX Font Info:    Checking defaults for U/cmr/m/n on input line 68.
LaTeX Font Info:    ... okay on input line 68.
LaTeX Font Info:    Checking defaults for PD1/pdf/m/n on input line 68.
LaTeX Font Info:    ... okay on input line 68.

*geometry* driver: auto-detecting
*geometry* detected driver: pdftex
*geometry* verbose mode - [ preamble ] result:
* driver: pdftex
* paper: a4paper
* layout: <same size as paper>
* layoutoffset:(h,v)=(0.0pt,0.0pt)
* modes: twoside 
* h-part:(L,W,R)=(71.70166pt, 418.25368pt, 107.55254pt)
* v-part:(T,H,B)=(101.40665pt, 591.5302pt, 152.11pt)
* \paperwidth=597.50787pt
* \paperheight=845.04684pt
* \textwidth=504.0pt
* \textheight=682.0pt
* \oddsidemargin=-30.0pt
* \evensidemargin=-30.0pt
* \topmargin=0.0pt
* \headheight=14.0pt
* \headsep=15.0pt
* \topskip=9.0pt
* \footskip=22.0pt
* \marginparwidth=48.0pt
* \marginparsep=6.0pt
* \columnsep=24.0pt
* \skip\footins=19.5pt plus 12.0pt minus 1.0pt
* \hoffset=0.0pt
* \voffset=0.0pt
* \mag=1000
* \@twocolumntrue
* \@twosidetrue
* \@mparswitchtrue
* \@reversemarginfalse
* (1in=72.27pt=25.4mm, 1cm=28.453pt)

\AtBeginShipoutBox=\box26
Package hyperref Info: Link coloring ON on input line 68.
(/usr/local/texlive/2014/texmf-dist/tex/latex/hyperref/nameref.sty
Package: nameref 2012/10/27 v2.43 Cross-referencing by name of section

(/usr/local/texlive/2014/texmf-dist/tex/generic/oberdiek/gettitlestring.sty
Package: gettitlestring 2010/12/03 v1.4 Cleanup title references (HO)
)
\c@section@level=\count101
)
LaTeX Info: Redefining \ref on input line 68.
LaTeX Info: Redefining \pageref on input line 68.
LaTeX Info: Redefining \nameref on input line 68.

(./CBDms_rev1_v2CLEAN.out) (./CBDms_rev1_v2CLEAN.out)
\@outlinefile=\write3
\openout3 = `CBDms_rev1_v2CLEAN.out'.


(/usr/local/texlive/2014/texmf-dist/tex/context/base/supp-pdf.mkii
[Loading MPS to PDF converter (version 2006.09.02).]
\scratchcounter=\count102
\scratchdimen=\dimen117
\scratchbox=\box27
\nofMPsegments=\count103
\nofMParguments=\count104
\everyMPshowfont=\toks19
\MPscratchCnt=\count105
\MPscratchDim=\dimen118
\MPnumerator=\count106
\makeMPintoPDFobject=\count107
\everyMPtoPDFconversion=\toks20
) (/usr/local/texlive/2014/texmf-dist/tex/latex/oberdiek/epstopdf-base.sty
Package: epstopdf-base 2010/02/09 v2.5 Base part for package epstopdf

(/usr/local/texlive/2014/texmf-dist/tex/latex/oberdiek/grfext.sty
Package: grfext 2010/08/19 v1.1 Manage graphics extensions (HO)
)
Package grfext Info: Graphics extension search list:
(grfext)             [.png,.pdf,.jpg,.mps,.jpeg,.jbig2,.jb2,.PNG,.PDF,.JPG,.JPE
G,.JBIG2,.JB2,.eps]
(grfext)             \AppendGraphicsExtensions on input line 452.

(/usr/local/texlive/2014/texmf-dist/tex/latex/latexconfig/epstopdf-sys.cfg
File: epstopdf-sys.cfg 2010/07/13 v1.3 Configuration of (r)epstopdf for TeX Liv
e
))
LaTeX Font Info:    External font `cmex10' loaded for size
(Font)              <14.4> on input line 83.
LaTeX Font Info:    External font `cmex10' loaded for size
(Font)              <7> on input line 83.
LaTeX Font Info:    External font `cmex10' loaded for size
(Font)              <8> on input line 83.
LaTeX Font Info:    External font `cmex10' loaded for size
(Font)              <6> on input line 83.
LaTeX Font Info:    External font `cmex10' loaded for size
(Font)              <5> on input line 83.

Underfull \hbox (badness 1755) in paragraph at lines 113--126
[]\OT1/cmr/m/n/9 Understanding the long-term evo-lu-tion of the bi-
 []


Underfull \vbox (badness 10000) has occurred while \output is active []

LaTeX Font Info:    External font `cmex10' loaded for size
(Font)              <9> on input line 134.

Underfull \vbox (badness 10000) has occurred while \output is active []

LaTeX Font Info:    Try loading font information for OMS+cmr on input line 145.


(/usr/local/texlive/2014/texmf-dist/tex/latex/base/omscmr.fd
File: omscmr.fd 1999/05/25 v2.5h Standard LaTeX font definitions
)
LaTeX Font Info:    Font shape `OMS/cmr/m/n' in size <8> not available
(Font)              Font shape `OMS/cmsy/m/n' tried instead on input line 145.
 [1{/usr/local/texlive/2014/texmf-var/fonts/map/pdftex/updmap/pdftex.map}


]
Underfull \vbox (badness 10000) has occurred while \output is active []

LaTeX Font Info:    Font shape `OMS/cmr/m/n' in size <9> not available
(Font)              Font shape `OMS/cmsy/m/n' tried instead on input line 200.

Underfull \hbox (badness 1454) in paragraph at lines 232--240
\OT1/cmr/m/n/9 gaps and cav-i-ties. These struc-tures are cre-ated when
 []

[2] <3D_RochePot_q0p1.pdf, id=271, 335.94469pt x 221.92642pt>
File: 3D_RochePot_q0p1.pdf Graphic file (type pdf)

<use 3D_RochePot_q0p1.pdf>
Package pdftex.def Info: 3D_RochePot_q0p1.pdf used on input line 275.
(pdftex.def)             Requested size: 184.77014pt x 122.0599pt.

<Crit_CJ_Curves_q0p1_L3crit.pdf, id=274, 395.82169pt x 372.11853pt>
File: Crit_CJ_Curves_q0p1_L3crit.pdf Graphic file (type pdf)

<use Crit_CJ_Curves_q0p1_L3crit.pdf>
Package pdftex.def Info: Crit_CJ_Curves_q0p1_L3crit.pdf used on input line 295.

(pdftex.def)             Requested size: 217.70259pt x 204.6658pt.

<Excluded_Regions_q_vVirial_DarkGreen.pdf, id=282, 401.5pt x 611.96329pt>
File: Excluded_Regions_q_vVirial_DarkGreen.pdf Graphic file (type pdf)

<use Excluded_Regions_q_vVirial_DarkGreen.pdf>
Package pdftex.def Info: Excluded_Regions_q_vVirial_DarkGreen.pdf used on input
 line 379.
(pdftex.def)             Requested size: 224.83846pt x 342.6971pt.
 [3pdfTeX warning (ext4): destination with the same identifier (name{figure.1})
 has been already used, duplicate ignored

\AtBegShi@Output ...ipout \box \AtBeginShipoutBox 
                                                  \fi \fi 
l.403 
      pdfTeX warning (ext4): destination with the same identifier (name{figure.
2}) has been already used, duplicate ignored

\AtBegShi@Output ...ipout \box \AtBeginShipoutBox 
                                                  \fi \fi 
l.403 
       <./3D_RochePot_q0p1.pdf> <./Crit_CJ_Curves_q0p1_L3crit.pdf>] [4pdfTeX wa
rning (ext4): destination with the same identifier (name{figure.3}) has been al
ready used, duplicate ignored

\AtBegShi@Output ...ipout \box \AtBeginShipoutBox 
                                                  \fi \fi 
l.486 F
       igure \ref{Fig:Int_Orb} shows the final location of each particle, <./Ex
cluded_Regions_q_vVirial_DarkGreen.pdf>]
<q0p0001_ecc0_norb1_Vprof4_Np256_r2p5_Rk5AdptStep.png, id=427, 325.215pt x 289.
08pt>
File: q0p0001_ecc0_norb1_Vprof4_Np256_r2p5_Rk5AdptStep.png Graphic file (type p
ng)
 <use q0p0001_ecc0_norb1_Vprof4_Np256_r2p5_Rk5AdptStep.png>
Package pdftex.def Info: q0p0001_ecc0_norb1_Vprof4_Np256_r2p5_Rk5AdptStep.png u
sed on input line 516.
(pdftex.def)             Requested size: 123.58298pt x 109.85153pt.

<q0p001_ecc0_norb1_Vprof4_Np256_r2p5_Rk5AdptStep.png, id=429, 325.215pt x 289.0
8pt>
File: q0p001_ecc0_norb1_Vprof4_Np256_r2p5_Rk5AdptStep.png Graphic file (type pn
g)
 <use q0p001_ecc0_norb1_Vprof4_Np256_r2p5_Rk5AdptStep.png>
Package pdftex.def Info: q0p001_ecc0_norb1_Vprof4_Np256_r2p5_Rk5AdptStep.png us
ed on input line 517.
(pdftex.def)             Requested size: 123.58298pt x 109.85153pt.

<q0p01_ecc0_norb1_Vprof4_Np256_r2p5_Rk5AdptStep.png, id=430, 325.215pt x 289.08
pt>
File: q0p01_ecc0_norb1_Vprof4_Np256_r2p5_Rk5AdptStep.png Graphic file (type png
)
 <use q0p01_ecc0_norb1_Vprof4_Np256_r2p5_Rk5AdptStep.png>
Package pdftex.def Info: q0p01_ecc0_norb1_Vprof4_Np256_r2p5_Rk5AdptStep.png use
d on input line 518.
(pdftex.def)             Requested size: 123.58298pt x 109.85153pt.

<q0p1_ecc0_norb1_Vprof4_Np256_r2p5_Rk5AdptStep.png, id=431, 325.215pt x 289.08p
t>
File: q0p1_ecc0_norb1_Vprof4_Np256_r2p5_Rk5AdptStep.png Graphic file (type png)

 <use q0p1_ecc0_norb1_Vprof4_Np256_r2p5_Rk5AdptStep.png>
Package pdftex.def Info: q0p1_ecc0_norb1_Vprof4_Np256_r2p5_Rk5AdptStep.png used
 on input line 519.
(pdftex.def)             Requested size: 123.58298pt x 109.85153pt.

<q0p3_ecc0_norb1_Vprof4_Np256_r2p5_Rk5AdptStep.png, id=432, 325.215pt x 289.08p
t>
File: q0p3_ecc0_norb1_Vprof4_Np256_r2p5_Rk5AdptStep.png Graphic file (type png)

 <use q0p3_ecc0_norb1_Vprof4_Np256_r2p5_Rk5AdptStep.png>
Package pdftex.def Info: q0p3_ecc0_norb1_Vprof4_Np256_r2p5_Rk5AdptStep.png used
 on input line 520.
(pdftex.def)             Requested size: 123.58298pt x 109.85153pt.

<q1_ecc0_norb1_Vprof4_Np256_r2p5_Rk5AdptStep.png, id=433, 325.215pt x 289.08pt>
File: q1_ecc0_norb1_Vprof4_Np256_r2p5_Rk5AdptStep.png Graphic file (type png)
<use q1_ecc0_norb1_Vprof4_Np256_r2p5_Rk5AdptStep.png>
Package pdftex.def Info: q1_ecc0_norb1_Vprof4_Np256_r2p5_Rk5AdptStep.png used o
n input line 521.
(pdftex.def)             Requested size: 123.58298pt x 109.85153pt.

Overfull \hbox (12.16595pt too wide) in paragraph at lines 513--524
 []$ 
 []


<q0p0001_ecc0_norb100_Vprof4_Np256_r2p5_Rk5AdptStep.png, id=440, 325.215pt x 28
9.08pt>
File: q0p0001_ecc0_norb100_Vprof4_Np256_r2p5_Rk5AdptStep.png Graphic file (type
 png)
 <use q0p0001_ecc0_norb100_Vprof4_Np256_r2p5_Rk5AdptStep.png>
Package pdftex.def Info: q0p0001_ecc0_norb100_Vprof4_Np256_r2p5_Rk5AdptStep.png
 used on input line 544.
(pdftex.def)             Requested size: 123.58298pt x 109.85153pt.

<q0p001_ecc0_norb100_Vprof4_Np256_r2p5_Rk5AdptStep.png, id=441, 325.215pt x 289
.08pt>
File: q0p001_ecc0_norb100_Vprof4_Np256_r2p5_Rk5AdptStep.png Graphic file (type 
png)
 <use q0p001_ecc0_norb100_Vprof4_Np256_r2p5_Rk5AdptStep.png>
Package pdftex.def Info: q0p001_ecc0_norb100_Vprof4_Np256_r2p5_Rk5AdptStep.png 
used on input line 545.
(pdftex.def)             Requested size: 123.58298pt x 109.85153pt.

<q0p01_ecc0_norb100_Vprof4_Np256_r2p5_Rk5AdptStep.png, id=442, 325.215pt x 289.
08pt>
File: q0p01_ecc0_norb100_Vprof4_Np256_r2p5_Rk5AdptStep.png Graphic file (type p
ng)
 <use q0p01_ecc0_norb100_Vprof4_Np256_r2p5_Rk5AdptStep.png>
Package pdftex.def Info: q0p01_ecc0_norb100_Vprof4_Np256_r2p5_Rk5AdptStep.png u
sed on input line 546.
(pdftex.def)             Requested size: 123.58298pt x 109.85153pt.

<q0p1_ecc0_norb100_Vprof4_Np256_r2p5_Rk5AdptStep.png, id=443, 325.215pt x 289.0
8pt>
File: q0p1_ecc0_norb100_Vprof4_Np256_r2p5_Rk5AdptStep.png Graphic file (type pn
g)
 <use q0p1_ecc0_norb100_Vprof4_Np256_r2p5_Rk5AdptStep.png>
Package pdftex.def Info: q0p1_ecc0_norb100_Vprof4_Np256_r2p5_Rk5AdptStep.png us
ed on input line 547.
(pdftex.def)             Requested size: 123.58298pt x 109.85153pt.

<q0p3_ecc0_norb100_Vprof4_Np256_r2p5_Rk5AdptStep.png, id=444, 325.215pt x 289.0
8pt>
File: q0p3_ecc0_norb100_Vprof4_Np256_r2p5_Rk5AdptStep.png Graphic file (type pn
g)
 <use q0p3_ecc0_norb100_Vprof4_Np256_r2p5_Rk5AdptStep.png>
Package pdftex.def Info: q0p3_ecc0_norb100_Vprof4_Np256_r2p5_Rk5AdptStep.png us
ed on input line 548.
(pdftex.def)             Requested size: 123.58298pt x 109.85153pt.

<q1_ecc0_norb100_Vprof4_Np256_r2p5_Rk5AdptStep.png, id=445, 325.215pt x 289.08p
t>
File: q1_ecc0_norb100_Vprof4_Np256_r2p5_Rk5AdptStep.png Graphic file (type png)

 <use q1_ecc0_norb100_Vprof4_Np256_r2p5_Rk5AdptStep.png>
Package pdftex.def Info: q1_ecc0_norb100_Vprof4_Np256_r2p5_Rk5AdptStep.png used
 on input line 549.
(pdftex.def)             Requested size: 123.58298pt x 109.85153pt.

Overfull \hbox (12.16595pt too wide) in paragraph at lines 541--551
 []$ 
 []


<q0p02_ecc0_norb100_Vprof4_Np256_r2p5_Rk5AdptStep.png, id=448, 325.215pt x 289.
08pt>
File: q0p02_ecc0_norb100_Vprof4_Np256_r2p5_Rk5AdptStep.png Graphic file (type p
ng)
 <use q0p02_ecc0_norb100_Vprof4_Np256_r2p5_Rk5AdptStep.png>
Package pdftex.def Info: q0p02_ecc0_norb100_Vprof4_Np256_r2p5_Rk5AdptStep.png u
sed on input line 565.
(pdftex.def)             Requested size: 123.58298pt x 109.85153pt.

<q0p04_ecc0_norb100_Vprof4_Np256_r2p5_Rk5AdptStep.png, id=449, 325.215pt x 289.
08pt>
File: q0p04_ecc0_norb100_Vprof4_Np256_r2p5_Rk5AdptStep.png Graphic file (type p
ng)
 <use q0p04_ecc0_norb100_Vprof4_Np256_r2p5_Rk5AdptStep.png>
Package pdftex.def Info: q0p04_ecc0_norb100_Vprof4_Np256_r2p5_Rk5AdptStep.png u
sed on input line 566.
(pdftex.def)             Requested size: 123.58298pt x 109.85153pt.

<q0p06_ecc0_norb100_Vprof4_Np256_r2p5_Rk5AdptStep.png, id=450, 325.215pt x 289.
08pt>
File: q0p06_ecc0_norb100_Vprof4_Np256_r2p5_Rk5AdptStep.png Graphic file (type p
ng)
 <use q0p06_ecc0_norb100_Vprof4_Np256_r2p5_Rk5AdptStep.png>
Package pdftex.def Info: q0p06_ecc0_norb100_Vprof4_Np256_r2p5_Rk5AdptStep.png u
sed on input line 567.
(pdftex.def)             Requested size: 123.58298pt x 109.85153pt.

<q0p08_ecc0_norb100_Vprof4_Np256_r2p5_Rk5AdptStep.png, id=451, 325.215pt x 289.
08pt>
File: q0p08_ecc0_norb100_Vprof4_Np256_r2p5_Rk5AdptStep.png Graphic file (type p
ng)
 <use q0p08_ecc0_norb100_Vprof4_Np256_r2p5_Rk5AdptStep.png>
Package pdftex.def Info: q0p08_ecc0_norb100_Vprof4_Np256_r2p5_Rk5AdptStep.png u
sed on input line 568.
(pdftex.def)             Requested size: 123.58298pt x 109.85153pt.

Overfull \hbox (12.16595pt too wide) in paragraph at lines 562--570
 []$ 
 []


Underfull \hbox (badness 1194) in paragraph at lines 584--587
\OT1/cmr/m/n/9 Before nu-mer-i-cally solv-ing the vis-cous hy-dro-dy-nam-i-cal
 []


Underfull \vbox (badness 10000) has occurred while \output is active []

 [5pdfTeX warning (ext4): destination with the same identifier (name{figure.4})
 has been already used, duplicate ignored

\AtBegShi@Output ...ipout \box \AtBeginShipoutBox 
                                                  \fi \fi 
l.587 
      pdfTeX warning (ext4): destination with the same identifier (name{figure.
5}) has been already used, duplicate ignored

\AtBegShi@Output ...ipout \box \AtBeginShipoutBox 
                                                  \fi \fi 
l.587 
      pdfTeX warning (ext4): destination with the same identifier (name{figure.
6}) has been already used, duplicate ignored

\AtBegShi@Output ...ipout \box \AtBeginShipoutBox 
                                                  \fi \fi 
l.587 
       <./q0p0001_ecc0_norb1_Vprof4_Np256_r2p5_Rk5AdptStep.png> <./q0p001_ecc0_
norb1_Vprof4_Np256_r2p5_Rk5AdptStep.png> <./q0p01_ecc0_norb1_Vprof4_Np256_r2p5_
Rk5AdptStep.png> <./q0p1_ecc0_norb1_Vprof4_Np256_r2p5_Rk5AdptStep.png> <./q0p3_
ecc0_norb1_Vprof4_Np256_r2p5_Rk5AdptStep.png> <./q1_ecc0_norb1_Vprof4_Np256_r2p
5_Rk5AdptStep.png> <./q0p0001_ecc0_norb100_Vprof4_Np256_r2p5_Rk5AdptStep.png> <
./q0p001_ecc0_norb100_Vprof4_Np256_r2p5_Rk5AdptStep.png> <./q0p01_ecc0_norb100_
Vprof4_Np256_r2p5_Rk5AdptStep.png> <./q0p1_ecc0_norb100_Vprof4_Np256_r2p5_Rk5Ad
ptStep.png> <./q0p3_ecc0_norb100_Vprof4_Np256_r2p5_Rk5AdptStep.png> <./q1_ecc0_
norb100_Vprof4_Np256_r2p5_Rk5AdptStep.png> <./q0p02_ecc0_norb100_Vprof4_Np256_r
2p5_Rk5AdptStep.png> <./q0p04_ecc0_norb100_Vprof4_Np256_r2p5_Rk5AdptStep.png> <
./q0p06_ecc0_norb100_Vprof4_Np256_r2p5_Rk5AdptStep.png> <./q0p08_ecc0_norb100_V
prof4_Np256_r2p5_Rk5AdptStep.png>]
<Gap_Closing_Mach_All.pdf, id=509, 940.53041pt x 613.41824pt>
File: Gap_Closing_Mach_All.pdf Graphic file (type pdf)

<use Gap_Closing_Mach_All.pdf>
Package pdftex.def Info: Gap_Closing_Mach_All.pdf used on input line 671.
(pdftex.def)             Requested size: 235.13202pt x 153.35419pt.

<ISO_rmx100_Dens2D_Norb1000_q1_alpha9e-06_Mach3.png, id=513, 578.16pt x 433.62p
t>
File: ISO_rmx100_Dens2D_Norb1000_q1_alpha9e-06_Mach3.png Graphic file (type png
)
 <use ISO_rmx100_Dens2D_Norb1000_q1_alpha9e-06_Mach3.png>
Package pdftex.def Info: ISO_rmx100_Dens2D_Norb1000_q1_alpha9e-06_Mach3.png use
d on input line 700.
(pdftex.def)             Requested size: 138.76123pt x 104.07092pt.

<ISO_rmx100_Dens2D_Norb01000_q1_alpha3p6e-05_Mach6.png, id=514, 578.16pt x 433.
62pt>
File: ISO_rmx100_Dens2D_Norb01000_q1_alpha3p6e-05_Mach6.png Graphic file (type 
png)
 <use ISO_rmx100_Dens2D_Norb01000_q1_alpha3p6e-05_Mach6.png>
Package pdftex.def Info: ISO_rmx100_Dens2D_Norb01000_q1_alpha3p6e-05_Mach6.png 
used on input line 702.
(pdftex.def)             Requested size: 138.76123pt x 104.07092pt.

<ADI_rmx100_Dens2D_Norb1000_q1_alpha9e-06_Mach3.png, id=515, 578.16pt x 433.62p
t>
File: ADI_rmx100_Dens2D_Norb1000_q1_alpha9e-06_Mach3.png Graphic file (type png
)
 <use ADI_rmx100_Dens2D_Norb1000_q1_alpha9e-06_Mach3.png>
Package pdftex.def Info: ADI_rmx100_Dens2D_Norb1000_q1_alpha9e-06_Mach3.png use
d on input line 704.
(pdftex.def)             Requested size: 138.76123pt x 104.07092pt.

<ADI_rmx100_Dens2D_Norb1000_q1_alpha3p6e-05_Mach6.png, id=516, 578.16pt x 433.6
2pt>
File: ADI_rmx100_Dens2D_Norb1000_q1_alpha3p6e-05_Mach6.png Graphic file (type p
ng)
 <use ADI_rmx100_Dens2D_Norb1000_q1_alpha3p6e-05_Mach6.png>
Package pdftex.def Info: ADI_rmx100_Dens2D_Norb1000_q1_alpha3p6e-05_Mach6.png u
sed on input line 706.
(pdftex.def)             Requested size: 138.76123pt x 104.07092pt.

Overfull \hbox (21.52246pt too wide) in paragraph at lines 696--710
 []$ 
 []

[6] [7pdfTeX warning (ext4): destination with the same identifier (name{figure.
7}) has been already used, duplicate ignored

\AtBegShi@Output ...ipout \box \AtBeginShipoutBox 
                                                  \fi \fi 
l.824 
      pdfTeX warning (ext4): destination with the same identifier (name{figure.
8}) has been already used, duplicate ignored

\AtBegShi@Output ...ipout \box \AtBeginShipoutBox 
                                                  \fi \fi 
l.824 
       <./Gap_Closing_Mach_All.pdf> <./ISO_rmx100_Dens2D_Norb1000_q1_alpha9e-06
_Mach3.png> <./ISO_rmx100_Dens2D_Norb01000_q1_alpha3p6e-05_Mach6.png> <./ADI_rm
x100_Dens2D_Norb1000_q1_alpha9e-06_Mach3.png> <./ADI_rmx100_Dens2D_Norb1000_q1_
alpha3p6e-05_Mach6.png>]
Underfull \vbox (badness 10000) has occurred while \output is active []


<Dens2D_Norb5000_q0p001_alpha0p01_Mach20.png, id=671, 578.16pt x 433.62pt>
File: Dens2D_Norb5000_q0p001_alpha0p01_Mach20.png Graphic file (type png)

<use Dens2D_Norb5000_q0p001_alpha0p01_Mach20.png>
Package pdftex.def Info: Dens2D_Norb5000_q0p001_alpha0p01_Mach20.png used on in
put line 877.
(pdftex.def)             Requested size: 179.22774pt x 134.4208pt.

<Dens2D_Norb5000_q0p01_alpha0p01_Mach20.png, id=672, 578.16pt x 433.62pt>
File: Dens2D_Norb5000_q0p01_alpha0p01_Mach20.png Graphic file (type png)

<use Dens2D_Norb5000_q0p01_alpha0p01_Mach20.png>
Package pdftex.def Info: Dens2D_Norb5000_q0p01_alpha0p01_Mach20.png used on inp
ut line 879.
(pdftex.def)             Requested size: 179.22774pt x 134.4208pt.

<Dens2D_Norb5000_q0p03_alpha0p01_Mach20.png, id=673, 578.16pt x 433.62pt>
File: Dens2D_Norb5000_q0p03_alpha0p01_Mach20.png Graphic file (type png)

<use Dens2D_Norb5000_q0p03_alpha0p01_Mach20.png>
Package pdftex.def Info: Dens2D_Norb5000_q0p03_alpha0p01_Mach20.png used on inp
ut line 881.
(pdftex.def)             Requested size: 179.22774pt x 134.4208pt.

<Dens2D_Norb5000_q0p05_alpha0p01_Mach20.png, id=674, 578.16pt x 433.62pt>
File: Dens2D_Norb5000_q0p05_alpha0p01_Mach20.png Graphic file (type png)

<use Dens2D_Norb5000_q0p05_alpha0p01_Mach20.png>
Package pdftex.def Info: Dens2D_Norb5000_q0p05_alpha0p01_Mach20.png used on inp
ut line 883.
(pdftex.def)             Requested size: 179.22774pt x 134.4208pt.

<Dens2D_Norb5000_q0p1_alpha0p01_Mach20.png, id=675, 578.16pt x 433.62pt>
File: Dens2D_Norb5000_q0p1_alpha0p01_Mach20.png Graphic file (type png)

<use Dens2D_Norb5000_q0p1_alpha0p01_Mach20.png>
Package pdftex.def Info: Dens2D_Norb5000_q0p1_alpha0p01_Mach20.png used on inpu
t line 885.
(pdftex.def)             Requested size: 179.22774pt x 134.4208pt.

<Dens2D_Norb5000_q1_alpha0p01_Mach20.png, id=676, 578.16pt x 433.62pt>
File: Dens2D_Norb5000_q1_alpha0p01_Mach20.png Graphic file (type png)

<use Dens2D_Norb5000_q1_alpha0p01_Mach20.png>
Package pdftex.def Info: Dens2D_Norb5000_q1_alpha0p01_Mach20.png used on input 
line 887.
(pdftex.def)             Requested size: 179.22774pt x 134.4208pt.

Overfull \hbox (23.68321pt too wide) in paragraph at lines 874--889
 []$ 
 []


<1Panel_AllLpoints_PScalDens_ZVCInOut_Norb0001p00_q0p001.png, id=680, 444.4605p
t x 433.62pt>
File: 1Panel_AllLpoints_PScalDens_ZVCInOut_Norb0001p00_q0p001.png Graphic file 
(type png)

<use 1Panel_AllLpoints_PScalDens_ZVCInOut_Norb0001p00_q0p001.png>
Package pdftex.def Info: 1Panel_AllLpoints_PScalDens_ZVCInOut_Norb0001p00_q0p00
1.png used on input line 931.
(pdftex.def)             Requested size: 133.33917pt x 130.087pt.

<1Panel_AllLpoints_PScalDens_ZVCInOut_Norb0002p00_q0p001.png, id=681, 444.4605p
t x 433.62pt>
File: 1Panel_AllLpoints_PScalDens_ZVCInOut_Norb0002p00_q0p001.png Graphic file 
(type png)

<use 1Panel_AllLpoints_PScalDens_ZVCInOut_Norb0002p00_q0p001.png>
Package pdftex.def Info: 1Panel_AllLpoints_PScalDens_ZVCInOut_Norb0002p00_q0p00
1.png used on input line 932.
(pdftex.def)             Requested size: 133.33917pt x 130.087pt.

<1Panel_AllLpoints_PScalDens_ZVCInOut_Norb0004p00_q0p001.png, id=682, 444.4605p
t x 433.62pt>
File: 1Panel_AllLpoints_PScalDens_ZVCInOut_Norb0004p00_q0p001.png Graphic file 
(type png)

<use 1Panel_AllLpoints_PScalDens_ZVCInOut_Norb0004p00_q0p001.png>
Package pdftex.def Info: 1Panel_AllLpoints_PScalDens_ZVCInOut_Norb0004p00_q0p00
1.png used on input line 933.
(pdftex.def)             Requested size: 133.33917pt x 130.087pt.

<1Panel_AllLpoints_PScalDens_ZVCInOut_Norb0008p00_q0p001.png, id=683, 444.4605p
t x 433.62pt>
File: 1Panel_AllLpoints_PScalDens_ZVCInOut_Norb0008p00_q0p001.png Graphic file 
(type png)

<use 1Panel_AllLpoints_PScalDens_ZVCInOut_Norb0008p00_q0p001.png>
Package pdftex.def Info: 1Panel_AllLpoints_PScalDens_ZVCInOut_Norb0008p00_q0p00
1.png used on input line 934.
(pdftex.def)             Requested size: 133.33917pt x 130.087pt.

<1Panel_AllLpoints_PScalDens_ZVCInOut_Norb0001p00_q0p01.png, id=684, 444.4605pt
 x 433.62pt>
File: 1Panel_AllLpoints_PScalDens_ZVCInOut_Norb0001p00_q0p01.png Graphic file (
type png)
 <use 1Panel_AllLpoints_PScalDens_ZVCInOut_Norb0001p00_q0p01.png>
Package pdftex.def Info: 1Panel_AllLpoints_PScalDens_ZVCInOut_Norb0001p00_q0p01
.png used on input line 936.
(pdftex.def)             Requested size: 133.33917pt x 130.087pt.

<1Panel_AllLpoints_PScalDens_ZVCInOut_Norb0002p00_q0p01.png, id=685, 444.4605pt
 x 433.62pt>
File: 1Panel_AllLpoints_PScalDens_ZVCInOut_Norb0002p00_q0p01.png Graphic file (
type png)
 <use 1Panel_AllLpoints_PScalDens_ZVCInOut_Norb0002p00_q0p01.png>
Package pdftex.def Info: 1Panel_AllLpoints_PScalDens_ZVCInOut_Norb0002p00_q0p01
.png used on input line 937.
(pdftex.def)             Requested size: 133.33917pt x 130.087pt.

<1Panel_AllLpoints_PScalDens_ZVCInOut_Norb0004p00_q0p01.png, id=686, 444.4605pt
 x 433.62pt>
File: 1Panel_AllLpoints_PScalDens_ZVCInOut_Norb0004p00_q0p01.png Graphic file (
type png)
 <use 1Panel_AllLpoints_PScalDens_ZVCInOut_Norb0004p00_q0p01.png>
Package pdftex.def Info: 1Panel_AllLpoints_PScalDens_ZVCInOut_Norb0004p00_q0p01
.png used on input line 938.
(pdftex.def)             Requested size: 133.33917pt x 130.087pt.

<1Panel_AllLpoints_PScalDens_ZVCInOut_Norb0008p00_q0p01.png, id=687, 444.4605pt
 x 433.62pt>
File: 1Panel_AllLpoints_PScalDens_ZVCInOut_Norb0008p00_q0p01.png Graphic file (
type png)
 <use 1Panel_AllLpoints_PScalDens_ZVCInOut_Norb0008p00_q0p01.png>
Package pdftex.def Info: 1Panel_AllLpoints_PScalDens_ZVCInOut_Norb0008p00_q0p01
.png used on input line 939.
(pdftex.def)             Requested size: 133.33917pt x 130.087pt.

<1Panel_AllLpoints_PScalDens_ZVCInOut_Norb0001p00_q0p05.png, id=688, 444.4605pt
 x 433.62pt>
File: 1Panel_AllLpoints_PScalDens_ZVCInOut_Norb0001p00_q0p05.png Graphic file (
type png)
 <use 1Panel_AllLpoints_PScalDens_ZVCInOut_Norb0001p00_q0p05.png>
Package pdftex.def Info: 1Panel_AllLpoints_PScalDens_ZVCInOut_Norb0001p00_q0p05
.png used on input line 941.
(pdftex.def)             Requested size: 133.33917pt x 130.087pt.

<1Panel_AllLpoints_PScalDens_ZVCInOut_Norb0002p00_q0p05.png, id=689, 444.4605pt
 x 433.62pt>
File: 1Panel_AllLpoints_PScalDens_ZVCInOut_Norb0002p00_q0p05.png Graphic file (
type png)
 <use 1Panel_AllLpoints_PScalDens_ZVCInOut_Norb0002p00_q0p05.png>
Package pdftex.def Info: 1Panel_AllLpoints_PScalDens_ZVCInOut_Norb0002p00_q0p05
.png used on input line 942.
(pdftex.def)             Requested size: 133.33917pt x 130.087pt.

<1Panel_AllLpoints_PScalDens_ZVCInOut_Norb0004p00_q0p05.png, id=690, 444.4605pt
 x 433.62pt>
File: 1Panel_AllLpoints_PScalDens_ZVCInOut_Norb0004p00_q0p05.png Graphic file (
type png)
 <use 1Panel_AllLpoints_PScalDens_ZVCInOut_Norb0004p00_q0p05.png>
Package pdftex.def Info: 1Panel_AllLpoints_PScalDens_ZVCInOut_Norb0004p00_q0p05
.png used on input line 943.
(pdftex.def)             Requested size: 133.33917pt x 130.087pt.

<1Panel_AllLpoints_PScalDens_ZVCInOut_Norb0008p00_q0p05.png, id=691, 444.4605pt
 x 433.62pt>
File: 1Panel_AllLpoints_PScalDens_ZVCInOut_Norb0008p00_q0p05.png Graphic file (
type png)
 <use 1Panel_AllLpoints_PScalDens_ZVCInOut_Norb0008p00_q0p05.png>
Package pdftex.def Info: 1Panel_AllLpoints_PScalDens_ZVCInOut_Norb0008p00_q0p05
.png used on input line 944.
(pdftex.def)             Requested size: 133.33917pt x 130.087pt.

Overfull \hbox (9.35669pt too wide) in paragraph at lines 929--946
 []$ 
 []


Underfull \vbox (badness 10000) has occurred while \output is active []

 [8]
Underfull \vbox (badness 10000) has occurred while \output is active []

 [9pdfTeX warning (ext4): destination with the same identifier (name{figure.9})
 has been already used, duplicate ignored

\AtBegShi@Output ...ipout \box \AtBeginShipoutBox 
                                                  \fi \fi 
l.1053 \end{eqnarray}
                      <./Dens2D_Norb5000_q0p001_alpha0p01_Mach20.png> <./Dens2D
_Norb5000_q0p01_alpha0p01_Mach20.png> <./Dens2D_Norb5000_q0p03_alpha0p01_Mach20
.png> <./Dens2D_Norb5000_q0p05_alpha0p01_Mach20.png> <./Dens2D_Norb5000_q0p1_al
pha0p01_Mach20.png> <./Dens2D_Norb5000_q1_alpha0p01_Mach20.png>]
Underfull \hbox (badness 10000) in paragraph at lines 1072--1075

 []


Overfull \hbox (7.31325pt too wide) in paragraph at lines 1081--1092
 [] 
 []


Underfull \vbox (badness 10000) has occurred while \output is active []

 [10pdfTeX warning (ext4): destination with the same identifier (name{figure.10
}) has been already used, duplicate ignored

\AtBegShi@Output ...ipout \box \AtBeginShipoutBox 
                                                  \fi \fi 
l.1117 
        <./1Panel_AllLpoints_PScalDens_ZVCInOut_Norb0001p00_q0p001.png> <./1Pan
el_AllLpoints_PScalDens_ZVCInOut_Norb0002p00_q0p001.png> <./1Panel_AllLpoints_P
ScalDens_ZVCInOut_Norb0004p00_q0p001.png> <./1Panel_AllLpoints_PScalDens_ZVCInO
ut_Norb0008p00_q0p001.png> <./1Panel_AllLpoints_PScalDens_ZVCInOut_Norb0001p00_
q0p01.png> <./1Panel_AllLpoints_PScalDens_ZVCInOut_Norb0002p00_q0p01.png> <./1P
anel_AllLpoints_PScalDens_ZVCInOut_Norb0004p00_q0p01.png> <./1Panel_AllLpoints_
PScalDens_ZVCInOut_Norb0008p00_q0p01.png> <./1Panel_AllLpoints_PScalDens_ZVCInO
ut_Norb0001p00_q0p05.png> <./1Panel_AllLpoints_PScalDens_ZVCInOut_Norb0002p00_q
0p05.png> <./1Panel_AllLpoints_PScalDens_ZVCInOut_Norb0004p00_q0p05.png> <./1Pa
nel_AllLpoints_PScalDens_ZVCInOut_Norb0008p00_q0p05.png>]
<StdS_100.pdf, id=762, 578.16pt x 433.62pt>
File: StdS_100.pdf Graphic file (type pdf)
 <use StdS_100.pdf>
Package pdftex.def Info: StdS_100.pdf used on input line 1125.
(pdftex.def)             Requested size: 179.22774pt x 134.4208pt.

<StdP_100.pdf, id=763, 578.16pt x 433.62pt>
File: StdP_100.pdf Graphic file (type pdf)
 <use StdP_100.pdf>
Package pdftex.def Info: StdP_100.pdf used on input line 1126.
(pdftex.def)             Requested size: 179.22774pt x 134.4208pt.

<StdTot_100.pdf, id=764, 578.16pt x 433.62pt>
File: StdTot_100.pdf Graphic file (type pdf)
 <use StdTot_100.pdf>
Package pdftex.def Info: StdTot_100.pdf used on input line 1127.
(pdftex.def)             Requested size: 179.22774pt x 134.4208pt.

Overfull \hbox (21.00412pt too wide) in paragraph at lines 1123--1129
 []$ 
 []


Underfull \hbox (badness 1087) in paragraph at lines 1140--1163
[]\OT1/cmr/m/n/9 While ob-ser-va-tion-ally in-ter-est-ing, rel-a-tive ac-cre-ti
on
 []

<edsk1_100.pdf, id=793, 578.16pt x 433.62pt>
File: edsk1_100.pdf Graphic file (type pdf)
 <use edsk1_100.pdf>
Package pdftex.def Info: edsk1_100.pdf used on input line 1198.
(pdftex.def)             Requested size: 231.2599pt x 173.44492pt.

<Dens2D_Norb0390_q0p01_alpha0p9_Mach30.png, id=798, 578.16pt x 433.62pt>
File: Dens2D_Norb0390_q0p01_alpha0p9_Mach30.png Graphic file (type png)

<use Dens2D_Norb0390_q0p01_alpha0p9_Mach30.png>
Package pdftex.def Info: Dens2D_Norb0390_q0p01_alpha0p9_Mach30.png used on inpu
t line 1227.
(pdftex.def)             Requested size: 144.53964pt x 108.40472pt.

<Dens2D_Norb0390_q0p1_alpha0p9_Mach30.png, id=799, 578.16pt x 433.62pt>
File: Dens2D_Norb0390_q0p1_alpha0p9_Mach30.png Graphic file (type png)

<use Dens2D_Norb0390_q0p1_alpha0p9_Mach30.png>
Package pdftex.def Info: Dens2D_Norb0390_q0p1_alpha0p9_Mach30.png used on input
 line 1228.
(pdftex.def)             Requested size: 144.53964pt x 108.40472pt.

Overfull \hbox (19.07928pt too wide) in paragraph at lines 1224--1230
 []$ 
 []


Underfull \hbox (badness 1975) in paragraph at lines 1238--1238
\OT1/cmr/m/n/8 scheme) from hy-dro-dy-nam-i-cal sim-u-la-tions for a disc with
 []


Underfull \vbox (badness 10000) has occurred while \output is active []

 [11pdfTeX warning (ext4): destination with the same identifier (name{table.1})
 has been already used, duplicate ignored

\AtBegShi@Output ...ipout \box \AtBeginShipoutBox 
                                                  \fi \fi 
l.1302 
       ]
Underfull \vbox (badness 10000) has occurred while \output is active []


Underfull \vbox (badness 10000) has occurred while \output is active []

 [12pdfTeX warning (ext4): destination with the same identifier (name{figure.11
}) has been already used, duplicate ignored

\AtBegShi@Output ...ipout \box \AtBeginShipoutBox 
                                                  \fi \fi 
l.1332 T
        he effects of both viscosity and pressure on the CBD transition arepdfT
eX warning (ext4): destination with the same identifier (name{figure.12}) has b
een already used, duplicate ignored

\AtBegShi@Output ...ipout \box \AtBeginShipoutBox 
                                                  \fi \fi 
l.1332 T
        he effects of both viscosity and pressure on the CBD transition arepdfT
eX warning (ext4): destination with the same identifier (name{figure.13}) has b
een already used, duplicate ignored

\AtBegShi@Output ...ipout \box \AtBeginShipoutBox 
                                                  \fi \fi 
l.1332 T
        he effects of both viscosity and pressure on the CBD transition are <./
StdS_100.pdf> <./StdP_100.pdf

pdfTeX warning: /usr/texbin/pdflatex (file ./StdP_100.pdf): PDF inclusion: mult
iple pdfs with page group included in a single page
> <./StdTot_100.pdf

pdfTeX warning: /usr/texbin/pdflatex (file ./StdTot_100.pdf): PDF inclusion: mu
ltiple pdfs with page group included in a single page
> <./edsk1_100.pdf

pdfTeX warning: /usr/texbin/pdflatex (file ./edsk1_100.pdf): PDF inclusion: mul
tiple pdfs with page group included in a single page
> <./Dens2D_Norb0390_q0p01_alpha0p9_Mach30.png> <./Dens2D_Norb0390_q0p1_alpha0p
9_Mach30.png>]
Underfull \vbox (badness 6380) has occurred while \output is active []

 [13]
[14] <LinStab_Re_Im_Visc.pdf, id=1109, 501.875pt x 315.1775pt>
File: LinStab_Re_Im_Visc.pdf Graphic file (type pdf)

<use LinStab_Re_Im_Visc.pdf>
Package pdftex.def Info: LinStab_Re_Im_Visc.pdf used on input line 1628.
(pdftex.def)             Requested size: 225.84166pt x 141.82855pt.
 <Tinst.pdf, id=1110, 501.875pt x 305.14pt>
File: Tinst.pdf Graphic file (type pdf)

<use Tinst.pdf>
Package pdftex.def Info: Tinst.pdf used on input line 1629.
(pdftex.def)             Requested size: 268.50429pt x 163.2506pt.

Overfull \hbox (38.50429pt too wide) in paragraph at lines 1624--1631
 []$ 
 []

<ViscL4vsL5_xTorb.pdf, id=1111, 974.31183pt x 611.15044pt>
File: ViscL4vsL5_xTorb.pdf Graphic file (type pdf)

<use ViscL4vsL5_xTorb.pdf>
Package pdftex.def Info: ViscL4vsL5_xTorb.pdf used on input line 1651.
(pdftex.def)             Requested size: 233.83961pt x 146.6791pt.

<q0p0001_Visc0p001_Vprof4_Np1e4_50norb_Rk5AdptStep.png, id=1114, 325.215pt x 28
9.08pt>
File: q0p0001_Visc0p001_Vprof4_Np1e4_50norb_Rk5AdptStep.png Graphic file (type 
png)
 <use q0p0001_Visc0p001_Vprof4_Np1e4_50norb_Rk5AdptStep.png>
Package pdftex.def Info: q0p0001_Visc0p001_Vprof4_Np1e4_50norb_Rk5AdptStep.png 
used on input line 1677.
(pdftex.def)             Requested size: 123.58298pt x 109.85153pt.

<q0p001_Visc0p001_Vprof4_Np1e4_50norb_Rk5AdptStep.png, id=1115, 325.215pt x 289
.08pt>
File: q0p001_Visc0p001_Vprof4_Np1e4_50norb_Rk5AdptStep.png Graphic file (type p
ng)
 <use q0p001_Visc0p001_Vprof4_Np1e4_50norb_Rk5AdptStep.png>
Package pdftex.def Info: q0p001_Visc0p001_Vprof4_Np1e4_50norb_Rk5AdptStep.png u
sed on input line 1678.
(pdftex.def)             Requested size: 123.58298pt x 109.85153pt.

<q0p01_Visc0p001_Vprof4_Np1e4_50norb_Rk5AdptStep.png, id=1116, 325.215pt x 289.
08pt>
File: q0p01_Visc0p001_Vprof4_Np1e4_50norb_Rk5AdptStep.png Graphic file (type pn
g)
 <use q0p01_Visc0p001_Vprof4_Np1e4_50norb_Rk5AdptStep.png>
Package pdftex.def Info: q0p01_Visc0p001_Vprof4_Np1e4_50norb_Rk5AdptStep.png us
ed on input line 1679.
(pdftex.def)             Requested size: 123.58298pt x 109.85153pt.

<q0p1_Visc0p001_Vprof4_Np1e4_50norb_Rk5AdptStep.png, id=1117, 325.215pt x 289.0
8pt>
File: q0p1_Visc0p001_Vprof4_Np1e4_50norb_Rk5AdptStep.png Graphic file (type png
)
 <use q0p1_Visc0p001_Vprof4_Np1e4_50norb_Rk5AdptStep.png>
Package pdftex.def Info: q0p1_Visc0p001_Vprof4_Np1e4_50norb_Rk5AdptStep.png use
d on input line 1680.
(pdftex.def)             Requested size: 123.58298pt x 109.85153pt.

<q0p3_Visc0p001_Vprof4_Np1e4_50norb_Rk5AdptStep.png, id=1118, 325.215pt x 289.0
8pt>
File: q0p3_Visc0p001_Vprof4_Np1e4_50norb_Rk5AdptStep.png Graphic file (type png
)
 <use q0p3_Visc0p001_Vprof4_Np1e4_50norb_Rk5AdptStep.png>
Package pdftex.def Info: q0p3_Visc0p001_Vprof4_Np1e4_50norb_Rk5AdptStep.png use
d on input line 1681.
(pdftex.def)             Requested size: 123.58298pt x 109.85153pt.

<q1_Visc0p001_Vprof4_Np1e4_50norb_Rk5AdptStep.png, id=1119, 325.215pt x 289.08p
t>
File: q1_Visc0p001_Vprof4_Np1e4_50norb_Rk5AdptStep.png Graphic file (type png)
 <use q1_Visc0p001_Vprof4_Np1e4_50norb_Rk5AdptStep.png>
Package pdftex.def Info: q1_Visc0p001_Vprof4_Np1e4_50norb_Rk5AdptStep.png used 
on input line 1682.
(pdftex.def)             Requested size: 123.58298pt x 109.85153pt.

Overfull \hbox (12.16595pt too wide) in paragraph at lines 1674--1685
 []$ 
 []

(./CBDms_rev1_v2CLEAN.bbl [15pdfTeX warning (ext4): destination with the same i
dentifier (name{figure.A1.1}) has been already used, duplicate ignored

\AtBegShi@Output ...ipout \box \AtBeginShipoutBox 
                                                  \fi \fi 
l.49 ...zou}}{{Bryden} et~al.}{1999}]{Bryden:1999}
                                                  pdfTeX warning (ext4): destin
ation with the same identifier (name{figure.A1.2}) has been already used, dupli
cate ignored

\AtBegShi@Output ...ipout \box \AtBeginShipoutBox 
                                                  \fi \fi 
l.49 ...zou}}{{Bryden} et~al.}{1999}]{Bryden:1999}
                                                  pdfTeX warning (ext4): destin
ation with the same identifier (name{figure.A1.3}) has been already used, dupli
cate ignored

\AtBegShi@Output ...ipout \box \AtBeginShipoutBox 
                                                  \fi \fi 
l.49 ...zou}}{{Bryden} et~al.}{1999}]{Bryden:1999}
                                                   <./LinStab_Re_Im_Visc.pdf> <
./Tinst.pdf

pdfTeX warning: /usr/texbin/pdflatex (file ./Tinst.pdf): PDF inclusion: multipl
e pdfs with page group included in a single page
> <./ViscL4vsL5_xTorb.pdf> <./q0p0001_Visc0p001_Vprof4_Np1e4_50norb_Rk5AdptStep
.png> <./q0p001_Visc0p001_Vprof4_Np1e4_50norb_Rk5AdptStep.png> <./q0p01_Visc0p0
01_Vprof4_Np1e4_50norb_Rk5AdptStep.png> <./q0p1_Visc0p001_Vprof4_Np1e4_50norb_R
k5AdptStep.png> <./q0p3_Visc0p001_Vprof4_Np1e4_50norb_Rk5AdptStep.png> <./q1_Vi
sc0p001_Vprof4_Np1e4_50norb_Rk5AdptStep.png>]

Package hyperref Warning: Suppressing empty link on input line 161.


Package hyperref Warning: Suppressing empty link on input line 400.

)
Package atveryend Info: Empty hook `BeforeClearDocument' on input line 1701.
 [16]
Package atveryend Info: Empty hook `AfterLastShipout' on input line 1701.
 (./CBDms_rev1_v2CLEAN.aux)
Package atveryend Info: Empty hook `AtVeryEndDocument' on input line 1701.
Package atveryend Info: Executing hook `AtEndAfterFileList' on input line 1701.

Package rerunfilecheck Info: File `CBDms_rev1_v2CLEAN.out' has not changed.
(rerunfilecheck)             Checksum: 5BA02C1CBF9F53E34DBA3FB7074F8AE5;720.
Package atveryend Info: Empty hook `AtVeryVeryEnd' on input line 1701.
 )
(\end occurred when \iftrue on line 1136 was incomplete)
(\end occurred when \iftrue on line 960 was incomplete)
(\end occurred when \iftrue on line 905 was incomplete) 
Here is how much of TeX's memory you used:
 7197 strings out of 493117
 115886 string characters out of 6135433
 234389 words of memory out of 5000000
 10390 multiletter control sequences out of 15000+600000
 13801 words of font info for 46 fonts, out of 8000000 for 9000
 1141 hyphenation exceptions out of 8191
 36i,13n,34p,1384b,477s stack positions out of 5000i,500n,10000p,200000b,80000s
</usr/local/texlive/2014
/texmf-dist/fonts/type1/public/amsfonts/cm/cmbx12.pfb></usr/local/texlive/2014/
texmf-dist/fonts/type1/public/amsfonts/cm/cmbx8.pfb></usr/local/texlive/2014/te
xmf-dist/fonts/type1/public/amsfonts/cm/cmbx9.pfb></usr/local/texlive/2014/texm
f-dist/fonts/type1/public/amsfonts/cm/cmex10.pfb></usr/local/texlive/2014/texmf
-dist/fonts/type1/public/amsfonts/cm/cmmi10.pfb></usr/local/texlive/2014/texmf-
dist/fonts/type1/public/amsfonts/cm/cmmi5.pfb></usr/local/texlive/2014/texmf-di
st/fonts/type1/public/amsfonts/cm/cmmi6.pfb></usr/local/texlive/2014/texmf-dist
/fonts/type1/public/amsfonts/cm/cmmi7.pfb></usr/local/texlive/2014/texmf-dist/f
onts/type1/public/amsfonts/cm/cmmi8.pfb></usr/local/texlive/2014/texmf-dist/fon
ts/type1/public/amsfonts/cm/cmmi9.pfb></usr/local/texlive/2014/texmf-dist/fonts
/type1/public/amsfonts/cm/cmr10.pfb></usr/local/texlive/2014/texmf-dist/fonts/t
ype1/public/amsfonts/cm/cmr12.pfb></usr/local/texlive/2014/texmf-dist/fonts/typ
e1/public/amsfonts/cm/cmr5.pfb></usr/local/texlive/2014/texmf-dist/fonts/type1/
public/amsfonts/cm/cmr6.pfb></usr/local/texlive/2014/texmf-dist/fonts/type1/pub
lic/amsfonts/cm/cmr8.pfb></usr/local/texlive/2014/texmf-dist/fonts/type1/public
/amsfonts/cm/cmr9.pfb></usr/local/texlive/2014/texmf-dist/fonts/type1/public/am
sfonts/cm/cmsy10.pfb></usr/local/texlive/2014/texmf-dist/fonts/type1/public/ams
fonts/cm/cmsy5.pfb></usr/local/texlive/2014/texmf-dist/fonts/type1/public/amsfo
nts/cm/cmsy6.pfb></usr/local/texlive/2014/texmf-dist/fonts/type1/public/amsfont
s/cm/cmsy8.pfb></usr/local/texlive/2014/texmf-dist/fonts/type1/public/amsfonts/
cm/cmsy9.pfb></usr/local/texlive/2014/texmf-dist/fonts/type1/public/amsfonts/cm
/cmti12.pfb></usr/local/texlive/2014/texmf-dist/fonts/type1/public/amsfonts/cm/
cmti8.pfb></usr/local/texlive/2014/texmf-dist/fonts/type1/public/amsfonts/cm/cm
ti9.pfb></usr/local/texlive/2014/texmf-dist/fonts/type1/public/amsfonts/cm/cmtt
8.pfb>
Output written on CBDms_rev1_v2CLEAN.pdf (16 pages, 6799670 bytes).
PDF statistics:
 1587 PDF objects out of 1728 (max. 8388607)
 1249 compressed objects within 13 object streams
 154 named destinations out of 1000 (max. 500000)
 366 words of extra memory for PDF output out of 10000 (max. 10000000)

